2026-06-30 14:47:44,801 - QueryStateLogger - ERROR - Unable to connect to database: connection to server at "ep-muddy-glitter-a8u7mjr5-pooler.eastus2.azure.neon.tech" (52.167.188.143), port 5432 failed: Connection timed out (0x0000274C/10060)
	Is the server running on that host and accepting TCP/IP connections?

2026-06-30 14:48:15,932 - QueryStateLogger - ERROR - Unable to connect to database: could not translate host name "ep-muddy-glitter-a8u7mjr5-pooler.eastus2.azure.neon.tech" to address: Name or service not known

2026-06-30 14:49:09,422 - QueryStateLogger - ERROR - Unable to connect to database: connection to server at "ep-muddy-glitter-a8u7mjr5-pooler.eastus2.azure.neon.tech" (52.167.188.143), port 5432 failed: ERROR:  database "xsell" does not exist
connection to server at "ep-muddy-glitter-a8u7mjr5-pooler.eastus2.azure.neon.tech" (52.167.188.143), port 5432 failed: ERROR:  connection is insecure (try using `sslmode=require`)

2026-06-30 15:05:18,788 - QueryStateLogger - INFO - Connected to PostgreSQL database xsell as user xsell_user
2026-06-30 15:10:08,713 - QueryStateLogger - INFO - Connected to PostgreSQL database xsell as user xsell_user
2026-06-30 15:16:51,128 - QueryStateLogger - INFO - Connected to PostgreSQL database xsell as user xsell_user
2026-06-30 15:17:09,738 - QueryStateLogger - INFO - Connected to PostgreSQL database xsell as user xsell_user
2026-06-30 15:19:32,304 - QueryStateLogger - INFO - Connected to PostgreSQL database xsell as user xsell_user
2026-06-30 15:19:47,998 - QueryStateLogger - INFO - Connected to PostgreSQL database xsell as user xsell_user
2026-06-30 15:20:14,738 - QueryStateLogger - INFO - Connected to PostgreSQL database xsell as user xsell_user
2026-06-30 15:20:14,809 - QueryStateLogger - INFO - Connected to PostgreSQL database xsell as user xsell_user
2026-06-30 15:36:42,363 - QueryStateLogger - INFO - Connected to PostgreSQL database xsell as user xsell_user
2026-06-30 15:37:20,657 - QueryStateLogger - INFO - Connected to PostgreSQL database xsell as user xsell_user
2026-06-30 15:37:26,687 - QueryStateLogger - INFO - Connected to PostgreSQL database xsell as user xsell_user
2026-06-30 15:37:26,730 - QueryStateLogger - INFO - Connected to PostgreSQL database xsell as user xsell_user
2026-06-30 15:37:41,889 - QueryStateLogger - INFO - Connected to PostgreSQL database xsell as user xsell_user
2026-06-30 15:37:41,949 - QueryStateLogger - INFO - Connected to PostgreSQL database xsell as user xsell_user
2026-06-30 15:38:27,444 - QueryStateLogger - INFO - Connected to PostgreSQL database xsell as user xsell_user
2026-06-30 15:38:27,490 - QueryStateLogger - INFO - Connected to PostgreSQL database xsell as user xsell_user
2026-06-30 15:39:04,033 - QueryStateLogger - INFO - Connected to PostgreSQL database xsell as user xsell_user
2026-06-30 15:39:04,088 - QueryStateLogger - INFO - Connected to PostgreSQL database xsell as user xsell_user
2026-06-30 15:39:04,144 - QueryStateLogger - INFO - Connected to PostgreSQL database xsell as user xsell_user
2026-06-30 15:39:18,691 - QueryStateLogger - INFO - Connected to PostgreSQL database xsell as user xsell_user
2026-06-30 15:39:18,754 - QueryStateLogger - INFO - Connected to PostgreSQL database xsell as user xsell_user
2026-06-30 15:39:18,808 - QueryStateLogger - INFO - Connected to PostgreSQL database xsell as user xsell_user
2026-06-30 15:39:29,892 - QueryStateLogger - INFO - Connected to PostgreSQL database xsell as user xsell_user
2026-06-30 15:39:29,945 - QueryStateLogger - INFO - Connected to PostgreSQL database xsell as user xsell_user
2026-06-30 15:39:29,994 - QueryStateLogger - INFO - Connected to PostgreSQL database xsell as user xsell_user
2026-06-30 15:39:39,366 - QueryStateLogger - INFO - Connected to PostgreSQL database xsell as user xsell_user
2026-06-30 15:39:39,450 - QueryStateLogger - INFO - Connected to PostgreSQL database xsell as user xsell_user
2026-06-30 15:39:39,522 - QueryStateLogger - INFO - Connected to PostgreSQL database xsell as user xsell_user
2026-06-30 15:39:49,150 - QueryStateLogger - INFO - Connected to PostgreSQL database xsell as user xsell_user
2026-06-30 15:39:49,199 - QueryStateLogger - INFO - Connected to PostgreSQL database xsell as user xsell_user
2026-06-30 15:39:49,241 - QueryStateLogger - INFO - Connected to PostgreSQL database xsell as user xsell_user
2026-06-30 15:39:59,856 - QueryStateLogger - INFO - Connected to PostgreSQL database xsell as user xsell_user
2026-06-30 15:39:59,915 - QueryStateLogger - INFO - Connected to PostgreSQL database xsell as user xsell_user
2026-06-30 15:39:59,959 - QueryStateLogger - INFO - Connected to PostgreSQL database xsell as user xsell_user
2026-06-30 15:40:06,662 - QueryStateLogger - INFO - Connected to PostgreSQL database xsell as user xsell_user
2026-06-30 15:40:06,676 - QueryStateLogger - INFO - Connected to PostgreSQL database xsell as user xsell_user
2026-06-30 15:40:06,714 - QueryStateLogger - INFO - Connected to PostgreSQL database xsell as user xsell_user
2026-06-30 15:40:06,735 - QueryStateLogger - INFO - Connected to PostgreSQL database xsell as user xsell_user
2026-06-30 15:40:47,251 - QueryStateLogger - INFO - Connected to PostgreSQL database xsell as user xsell_user
2026-06-30 15:40:47,268 - QueryStateLogger - INFO - Connected to PostgreSQL database xsell as user xsell_user
2026-06-30 15:40:47,305 - QueryStateLogger - INFO - Connected to PostgreSQL database xsell as user xsell_user
2026-06-30 15:40:47,317 - QueryStateLogger - INFO - Connected to PostgreSQL database xsell as user xsell_user
2026-06-30 15:41:15,113 - QueryStateLogger - INFO - Connected to PostgreSQL database xsell as user xsell_user
2026-06-30 15:41:15,172 - QueryStateLogger - INFO - Connected to PostgreSQL database xsell as user xsell_user
2026-06-30 15:41:15,218 - QueryStateLogger - INFO - Connected to PostgreSQL database xsell as user xsell_user
2026-06-30 15:41:15,275 - QueryStateLogger - INFO - Connected to PostgreSQL database xsell as user xsell_user
2026-06-30 15:41:15,276 - QueryStateLogger - INFO - Connected to PostgreSQL database xsell as user xsell_user
2026-06-30 15:41:15,334 - QueryStateLogger - INFO - Connected to PostgreSQL database xsell as user xsell_user
2026-06-30 15:41:15,346 - QueryStateLogger - INFO - Connected to PostgreSQL database xsell as user xsell_user
2026-06-30 15:41:15,361 - QueryStateLogger - INFO - Connected to PostgreSQL database xsell as user xsell_user
2026-06-30 15:41:15,476 - QueryStateLogger - INFO - Connected to PostgreSQL database xsell as user xsell_user
2026-06-30 15:41:24,147 - QueryStateLogger - INFO - Connected to PostgreSQL database xsell as user xsell_user
2026-06-30 15:41:24,148 - QueryStateLogger - INFO - Connected to PostgreSQL database xsell as user xsell_user
2026-06-30 15:41:26,616 - QueryStateLogger - INFO - Connected to PostgreSQL database xsell as user xsell_user
2026-06-30 15:41:26,664 - QueryStateLogger - INFO - Connected to PostgreSQL database xsell as user xsell_user
2026-06-30 15:41:32,148 - QueryStateLogger - INFO - Connected to PostgreSQL database xsell as user xsell_user
2026-06-30 15:41:32,149 - QueryStateLogger - INFO - Connected to PostgreSQL database xsell as user xsell_user
2026-06-30 15:41:32,161 - QueryStateLogger - INFO - Connected to PostgreSQL database xsell as user xsell_user
2026-06-30 15:41:32,161 - QueryStateLogger - INFO - Connected to PostgreSQL database xsell as user xsell_user
2026-06-30 15:41:32,213 - QueryStateLogger - INFO - Connected to PostgreSQL database xsell as user xsell_user
2026-06-30 15:41:32,255 - QueryStateLogger - INFO - Connected to PostgreSQL database xsell as user xsell_user
2026-06-30 15:41:32,318 - QueryStateLogger - INFO - Connected to PostgreSQL database xsell as user xsell_user
2026-06-30 15:41:32,361 - QueryStateLogger - INFO - Connected to PostgreSQL database xsell as user xsell_user
2026-06-30 15:41:33,739 - QueryStateLogger - INFO - Connected to PostgreSQL database xsell as user xsell_user
2026-06-30 15:41:33,805 - QueryStateLogger - INFO - Connected to PostgreSQL database xsell as user xsell_user
2026-06-30 15:41:46,030 - QueryStateLogger - INFO - Connected to PostgreSQL database xsell as user xsell_user
2026-06-30 15:41:46,078 - QueryStateLogger - INFO - Connected to PostgreSQL database xsell as user xsell_user
2026-06-30 15:41:46,142 - QueryStateLogger - INFO - Connected to PostgreSQL database xsell as user xsell_user
2026-06-30 15:41:46,226 - QueryStateLogger - INFO - Connected to PostgreSQL database xsell as user xsell_user
2026-06-30 15:41:46,328 - QueryStateLogger - INFO - Connected to PostgreSQL database xsell as user xsell_user
2026-06-30 15:41:46,342 - QueryStateLogger - INFO - Connected to PostgreSQL database xsell as user xsell_user
2026-06-30 15:41:46,390 - QueryStateLogger - INFO - Connected to PostgreSQL database xsell as user xsell_user
2026-06-30 15:41:46,428 - QueryStateLogger - INFO - Connected to PostgreSQL database xsell as user xsell_user
2026-06-30 15:41:52,170 - QueryStateLogger - INFO - Connected to PostgreSQL database xsell as user xsell_user
2026-06-30 15:41:52,221 - QueryStateLogger - INFO - Connected to PostgreSQL database xsell as user xsell_user
2026-06-30 15:45:42,622 - QueryStateLogger - INFO - Connected to PostgreSQL database xsell as user xsell_user
2026-06-30 15:45:42,715 - QueryStateLogger - INFO - Connected to PostgreSQL database xsell as user xsell_user
2026-06-30 15:45:42,768 - QueryStateLogger - INFO - Connected to PostgreSQL database xsell as user xsell_user
2026-06-30 15:45:42,846 - QueryStateLogger - INFO - Connected to PostgreSQL database xsell as user xsell_user
2026-06-30 15:45:52,256 - QueryStateLogger - INFO - Connected to PostgreSQL database xsell as user xsell_user
2026-06-30 15:45:52,306 - QueryStateLogger - INFO - Connected to PostgreSQL database xsell as user xsell_user
2026-06-30 15:45:52,362 - QueryStateLogger - INFO - Connected to PostgreSQL database xsell as user xsell_user
2026-06-30 15:45:52,470 - QueryStateLogger - INFO - Connected to PostgreSQL database xsell as user xsell_user
2026-06-30 15:45:52,541 - QueryStateLogger - INFO - Connected to PostgreSQL database xsell as user xsell_user
2026-06-30 15:45:52,556 - QueryStateLogger - INFO - Connected to PostgreSQL database xsell as user xsell_user
2026-06-30 15:45:52,596 - QueryStateLogger - INFO - Connected to PostgreSQL database xsell as user xsell_user
2026-06-30 15:45:52,659 - QueryStateLogger - INFO - Connected to PostgreSQL database xsell as user xsell_user
2026-06-30 15:46:03,014 - QueryStateLogger - INFO - Connected to PostgreSQL database xsell as user xsell_user
2026-06-30 15:46:18,543 - QueryStateLogger - INFO - Connected to PostgreSQL database xsell as user xsell_user
2026-06-30 15:46:18,587 - QueryStateLogger - INFO - Connected to PostgreSQL database xsell as user xsell_user
2026-06-30 15:46:18,638 - QueryStateLogger - INFO - Connected to PostgreSQL database xsell as user xsell_user
2026-06-30 15:46:18,690 - QueryStateLogger - INFO - Connected to PostgreSQL database xsell as user xsell_user
2026-06-30 15:46:18,751 - QueryStateLogger - INFO - Connected to PostgreSQL database xsell as user xsell_user
2026-06-30 15:46:18,808 - QueryStateLogger - INFO - Connected to PostgreSQL database xsell as user xsell_user
2026-06-30 15:46:44,845 - QueryStateLogger - INFO - Connected to PostgreSQL database xsell as user xsell_user
2026-06-30 15:46:44,910 - QueryStateLogger - INFO - Connected to PostgreSQL database xsell as user xsell_user
2026-06-30 15:46:44,960 - QueryStateLogger - INFO - Connected to PostgreSQL database xsell as user xsell_user
2026-06-30 15:46:45,033 - QueryStateLogger - INFO - Connected to PostgreSQL database xsell as user xsell_user
2026-06-30 15:46:45,091 - QueryStateLogger - INFO - Connected to PostgreSQL database xsell as user xsell_user
2026-06-30 15:46:45,164 - QueryStateLogger - INFO - Connected to PostgreSQL database xsell as user xsell_user
2026-06-30 15:46:46,798 - QueryStateLogger - INFO - Connected to PostgreSQL database xsell as user xsell_user
2026-06-30 15:46:46,860 - QueryStateLogger - INFO - Connected to PostgreSQL database xsell as user xsell_user
2026-06-30 15:46:46,914 - QueryStateLogger - INFO - Connected to PostgreSQL database xsell as user xsell_user
2026-06-30 15:46:48,411 - QueryStateLogger - INFO - Connected to PostgreSQL database xsell as user xsell_user
2026-06-30 15:46:48,471 - QueryStateLogger - INFO - Connected to PostgreSQL database xsell as user xsell_user
2026-06-30 15:46:48,528 - QueryStateLogger - INFO - Connected to PostgreSQL database xsell as user xsell_user
2026-06-30 15:46:48,595 - QueryStateLogger - INFO - Connected to PostgreSQL database xsell as user xsell_user
2026-06-30 15:46:48,655 - QueryStateLogger - INFO - Connected to PostgreSQL database xsell as user xsell_user
2026-06-30 15:46:48,695 - QueryStateLogger - INFO - Connected to PostgreSQL database xsell as user xsell_user
